  * process grid (1, 1) will be used
    node-k98f-026                   

  * using 24 threads per process

  ===============================================================
    BAGEL - Freshly leavened quantum chemistry                   
  ===============================================================

  *** Geometry ***

  { "atom" : "Li", "xyz" : [     -0.000000,     -0.000000,     -0.000000 ] },
  { "atom" : "Li", "xyz" : [      1.889726,     -0.000000,     -0.000000 ] },

  Number of auxiliary basis functions:       28

  Since a DF basis is specified, we compute 2- and 3-index integrals:
    o Being stored without compression. Storage requirement is 0.000 GB
       - 3-index ints prep                         0.00
       - 3-index ints                              0.01
       - 2-index ints                              0.00
       - computing inverse                         0.00
        elapsed time:        0.01 sec.


  Number of basis functions:       28
  Number of electrons      :        6


    * METHOD: MOLECULE                             0.04

       - 3-index ints prep                         0.00
       - 3-index ints                              0.00
       - 2-index ints                              0.00
       - computing inverse                         0.00
       - 3-index ints post                         0.00
       - 3-index ints prep                         0.00
       - 3-index ints                              0.07
       - 3-index ints post                         0.00
       - 3-index ints prep                         0.00
       - 3-index ints                              0.00
       - 3-index ints post                         0.00
  ---------------------------
      CASSCF calculation     
  ---------------------------

  *** Geometry (Relativistic) ***
       - 3-index ints post                         0.00
       - 3-index ints prep                         0.00
       - 3-index ints                              0.06
       - 3-index ints post                         0.00
       - 3-index ints prep                         0.00
       - 3-index ints                              0.00
       - 3-index ints post                         0.00

       - Geometry relativistic (total)             0.06

    * nclosed  :      0
    * nact     :      5
    * nvirt    :     51
    * gaunt    : true
    * breit    : true
    * active space: 6 electrons in 5 orbitals
    * nstate   :      1

  === Dirac CASSCF iteration (/home/mmm0043/Programs/bagel_master/src/basis/cc-pvdz.json) ===

   * Using the second-order algorithm

         0   0          0.00000000     1.81e-09      0.74

    * Second-order optimization converged. *   

       - Coulomb: half trans                       0.00
       - Coulomb: metric multiply                  0.03
       - Coulomb: J operator                       0.00
       - Coulomb: K operator                       0.01
       - Gaunt: half trans                         0.00
       - Gaunt: metric multiply                    0.02
       - Breit: 2-index multiplied                 0.12
       - Gaunt: J operator                         0.00
       - Gaunt: K operator                         0.02

    * METHOD: ZCASSCF                              1.98

  ------------------------------
  Spin-nonconserving complex FCI
  ------------------------------

    * nstate   :      1
    * nclosed  :      0
    * nact     :      5
    * nvirt    :     23

    * Relativistic FCI
    * 6 active electrons in 5 orbitals.
    * gaunt    : true
    * breit    : true
  *** Geometry (Relativistic) ***
       - 3-index ints post                         0.00
       - 3-index ints prep                         0.00
       - 3-index ints                              0.00
       - 3-index ints post                         0.00
       - 3-index ints prep                         0.00
       - 3-index ints                              0.00
       - 3-index ints post                         0.00

       - Geometry relativistic (total)             0.01

    * Integral transformation done. Elapsed time: 0.53

       - jop, kop                                  0.00
       - denom                                     0.00

Writing relativistic integrals to FCIDUMP.REL file

Number of AO basis functions: 112
Number of MO basis functions to dump: 56
Writing 2e integral block 1 / 16 : ( + + | + + )
Writing 2e integral block 3 / 16 : ( + - | + + )
Writing 2e integral block 4 / 16 : ( + - | + - )
Writing 2e integral block 5 / 16 : ( + + | - + )
Writing 2e integral block 6 / 16 : ( + + | - - )
Writing 2e integral block 10 / 16 : ( - + | + - )
Writing 2e integral block 12 / 16 : ( - - | + - )
Writing 2e integral block 13 / 16 : ( - + | - + )
Writing 2e integral block 14 / 16 : ( - + | - - )
Writing 2e integral block 16 / 16 : ( - - | - - )
Writing 1e integral block 1 / 4
Writing 1e integral block 2 / 4
Writing 1e integral block 3 / 4
Writing 1e integral block 4 / 4
  -- Termination requested --
  message: Relativistic MO integrals are dumped on a file.

  
  ===============================================================

