  * process grid (1, 1) will be used
    node-k98p-035                   

  * using 24 threads per process

  ===============================================================
    BAGEL - Freshly leavened quantum chemistry                   
  ===============================================================

  *** Geometry ***

  { "atom" : "Li", "xyz" : [     -0.000000,     -0.000000,     -0.000000 ] },
  { "atom" : "Li", "xyz" : [      1.889726,     -0.000000,     -0.000000 ] },

  Number of auxiliary basis functions:       28

  Since a DF basis is specified, we compute 2- and 3-index integrals:
    o Being stored without compression. Storage requirement is 0.000 GB
       - 3-index ints prep                         0.00
       - 3-index ints                              0.01
       - 2-index ints                              0.00
       - computing inverse                         0.00
        elapsed time:        0.02 sec.


  Number of basis functions:       28
  Number of electrons      :        6


    * METHOD: MOLECULE                             0.04

  *** Geometry (Relativistic) ***
       - 3-index ints post                         0.00
       - 3-index ints prep                         0.00
       - 3-index ints                              0.12
       - 3-index ints post                         0.00
       - 3-index ints prep                         0.00
       - 3-index ints                              0.00
       - 3-index ints post                         0.00

       - Geometry relativistic (total)             0.13

  *** Dirac HF ***

       - 1-electron integrals                      0.00
  === Nuclear Repulsion ===
  
     4.7625948960

      * DIIS with orbital gradients will be used.

       - SCF startup                               0.01

  === Dirac RHF iteration (/home/mmm0043/Programs/bagel_master/src/basis/cc-pvdz.json, RKB) ===
  
       - Coulomb: half trans                       0.00
       - Coulomb: metric multiply                  0.05
       - Coulomb: J operator                       0.00
       - Coulomb: K operator                       0.01
       - Gaunt: half trans                         0.00
       - Gaunt: metric multiply                    0.03
       - Breit: 2-index multiplied                 0.18
       - Gaunt: J operator                         0.00
       - Gaunt: K operator                         0.02
               o Fock build                                  0.31
      0        -13.77304185          0.00582744           0.31
       - Coulomb: half trans                       0.00
       - Coulomb: metric multiply                  0.05
       - Coulomb: J operator                       0.00
       - Coulomb: K operator                       0.01
       - Gaunt: half trans                         0.00
       - Gaunt: metric multiply                    0.03
       - Breit: 2-index multiplied                 0.18
       - Gaunt: J operator                         0.00
       - Gaunt: K operator                         0.02
               o Fock build                                  0.30
      1        -14.94472306          0.00094448           0.31
               o DIIS                                        0.00
       - Coulomb: half trans                       0.00
       - Coulomb: metric multiply                  0.05
       - Coulomb: J operator                       0.00
       - Coulomb: K operator                       0.01
       - Gaunt: half trans                         0.00
       - Gaunt: metric multiply                    0.03
       - Breit: 2-index multiplied                 0.19
       - Gaunt: J operator                         0.00
       - Gaunt: K operator                         0.02
               o Fock build                                  0.31
      2        -14.97900132          0.00033595           0.32
               o DIIS                                        0.00
       - Coulomb: half trans                       0.00
       - Coulomb: metric multiply                  0.05
       - Coulomb: J operator                       0.00
       - Coulomb: K operator                       0.01
       - Gaunt: half trans                         0.00
       - Gaunt: metric multiply                    0.03
       - Breit: 2-index multiplied                 0.19
       - Gaunt: J operator                         0.00
       - Gaunt: K operator                         0.02
               o Fock build                                  0.31
      3        -14.98243754          0.00006718           0.32
               o DIIS                                        0.00
       - Coulomb: half trans                       0.00
       - Coulomb: metric multiply                  0.05
       - Coulomb: J operator                       0.00
       - Coulomb: K operator                       0.01
       - Gaunt: half trans                         0.00
       - Gaunt: metric multiply                    0.03
       - Breit: 2-index multiplied                 0.19
       - Gaunt: J operator                         0.00
       - Gaunt: K operator                         0.02
               o Fock build                                  0.31
      4        -14.98247917          0.00000349           0.31
               o DIIS                                        0.00
       - Coulomb: half trans                       0.00
       - Coulomb: metric multiply                  0.05
       - Coulomb: J operator                       0.00
       - Coulomb: K operator                       0.01
       - Gaunt: half trans                         0.00
       - Gaunt: metric multiply                    0.03
       - Breit: 2-index multiplied                 0.19
       - Gaunt: J operator                         0.00
       - Gaunt: K operator                         0.02
               o Fock build                                  0.31
      5        -14.98247936          0.00000091           0.31
               o DIIS                                        0.00
       - Coulomb: half trans                       0.00
       - Coulomb: metric multiply                  0.05
       - Coulomb: J operator                       0.00
       - Coulomb: K operator                       0.01
       - Gaunt: half trans                         0.00
       - Gaunt: metric multiply                    0.03
       - Breit: 2-index multiplied                 0.18
       - Gaunt: J operator                         0.00
       - Gaunt: K operator                         0.02
               o Fock build                                  0.30
      6        -14.98247938          0.00000011           0.31
               o DIIS                                        0.00
       - Coulomb: half trans                       0.00
       - Coulomb: metric multiply                  0.05
       - Coulomb: J operator                       0.00
       - Coulomb: K operator                       0.01
       - Gaunt: half trans                         0.00
       - Gaunt: metric multiply                    0.03
       - Breit: 2-index multiplied                 0.18
       - Gaunt: J operator                         0.00
       - Gaunt: K operator                         0.02
               o Fock build                                  0.31
      7        -14.98247938          0.00000000           0.31
               o DIIS                                        0.00
       - Coulomb: half trans                       0.00
       - Coulomb: metric multiply                  0.05
       - Coulomb: J operator                       0.00
       - Coulomb: K operator                       0.01
       - Gaunt: half trans                         0.00
       - Gaunt: metric multiply                    0.03
       - Breit: 2-index multiplied                 0.18
       - Gaunt: J operator                         0.00
       - Gaunt: K operator                         0.02
               o Fock build                                  0.30
      8        -14.98247938          0.00000000           0.31
               o DIIS                                        0.00
       - Coulomb: half trans                       0.00
       - Coulomb: metric multiply                  0.05
       - Coulomb: J operator                       0.00
       - Coulomb: K operator                       0.01
       - Gaunt: half trans                         0.00
       - Gaunt: metric multiply                    0.03
       - Breit: 2-index multiplied                 0.19
       - Gaunt: J operator                         0.00
       - Gaunt: K operator                         0.02
               o Fock build                                  0.31
      9        -14.98247938          0.00000000           0.32
               o DIIS                                        0.00
       - Coulomb: half trans                       0.00
       - Coulomb: metric multiply                  0.05
       - Coulomb: J operator                       0.00
       - Coulomb: K operator                       0.01
       - Gaunt: half trans                         0.00
       - Gaunt: metric multiply                    0.03
       - Breit: 2-index multiplied                 0.19
       - Gaunt: J operator                         0.00
       - Gaunt: K operator                         0.02
               o Fock build                                  0.30
     10        -14.98247938          0.00000000           0.31
  
    * SCF iteration converged.

    * Permanent dipole moment: Dirac Hartree-Fock
           (   -0.000000,     0.000000,    -0.000000) a.u.

    * METHOD: DHF                                  3.57

  ------------------------------
  Spin-nonconserving complex FCI
  ------------------------------

    * nstate   :      1
    * nclosed  :      0
    * nact     :      5
    * nvirt    :     23

    * Relativistic FCI
    * 6 active electrons in 5 orbitals.
    * gaunt    : true
    * breit    : true
  *** Geometry (Relativistic) ***
       - 3-index ints post                         0.00
       - 3-index ints prep                         0.00
       - 3-index ints                              0.03
       - 3-index ints post                         0.00
       - 3-index ints prep                         0.00
       - 3-index ints                              0.00
       - 3-index ints post                         0.00

       - Geometry relativistic (total)             0.03

    * Integral transformation done. Elapsed time: 0.91

       - jop, kop                                  0.00
       - denom                                     0.00

Writing relativistic integrals to FCIDUMP.REL file

Number of AO basis functions: 112
Number of MO basis functions to dump: 56
Writing 2e integral block 1 / 16 : ( + + | + + )
Writing 2e integral block 3 / 16 : ( + - | + + )
Writing 2e integral block 4 / 16 : ( + - | + - )
Writing 2e integral block 5 / 16 : ( + + | - + )
Writing 2e integral block 6 / 16 : ( + + | - - )
Writing 2e integral block 10 / 16 : ( - + | + - )
Writing 2e integral block 12 / 16 : ( - - | + - )
Writing 2e integral block 13 / 16 : ( - + | - + )
Writing 2e integral block 14 / 16 : ( - + | - - )
Writing 2e integral block 16 / 16 : ( - - | - - )
Writing 1e integral block 1 / 4
Writing 1e integral block 2 / 4
Writing 1e integral block 3 / 4
Writing 1e integral block 4 / 4
  -- Termination requested --
  message: Relativistic MO integrals are dumped on a file.

  
  ===============================================================

