  * process grid (1, 1) will be used
    node-k98f-026                   

  * using 24 threads per process

  ===============================================================
    BAGEL - Freshly leavened quantum chemistry                   
  ===============================================================

  *** Geometry ***

  { "atom" : "Li", "xyz" : [     -0.000000,     -0.000000,     -0.000000 ] },
  { "atom" : "Li", "xyz" : [      1.889726,     -0.000000,     -0.000000 ] },

  Number of auxiliary basis functions:       28

  Since a DF basis is specified, we compute 2- and 3-index integrals:
    o Being stored without compression. Storage requirement is 0.000 GB
       - 3-index ints prep                         0.00
       - 3-index ints                              0.01
       - 2-index ints                              0.00
       - computing inverse                         0.00
        elapsed time:        0.01 sec.


  Number of basis functions:       28
  Number of electrons      :        6


    * METHOD: MOLECULE                             0.03

       - 3-index ints prep                         0.00
       - 3-index ints                              0.00
       - 2-index ints                              0.00
       - computing inverse                         0.00
       - 3-index ints post                         0.00
       - 3-index ints prep                         0.00
       - 3-index ints                              0.07
       - 3-index ints post                         0.00
       - 3-index ints prep                         0.00
       - 3-index ints                              0.02
       - 3-index ints post                         0.00
  ---------------------------
      CASSCF calculation     
  ---------------------------

  *** Geometry (Relativistic) ***
       - 3-index ints post                         0.00
       - 3-index ints prep                         0.00
       - 3-index ints                              0.03
       - 3-index ints post                         0.00
       - 3-index ints prep                         0.00
       - 3-index ints                              0.00
       - 3-index ints post                         0.00

       - Geometry relativistic (total)             0.04

    * nclosed  :      0
    * nact     :      5
    * nvirt    :     51
    * gaunt    : true
    * breit    : true
    * active space: 6 electrons in 5 orbitals
       - Coulomb: half trans                       0.00
       - Coulomb: metric multiply                  0.03
       - Coulomb: J operator                       0.00
       - Coulomb: K operator                       0.01
       - Gaunt: half trans                         0.00
       - Gaunt: metric multiply                    0.02
       - Breit: 2-index multiplied                 0.12
       - Gaunt: J operator                         0.00
       - Gaunt: K operator                         0.02
    * nstate   :      1

  === Dirac CASSCF iteration (/home/mmm0043/Programs/bagel_master/src/basis/cc-pvdz.json) ===

    * No orbital optimization will be performed!


    * METHOD: ZCASSCF                              1.45

  === SMITH program ===

       - Coulomb: half trans                       0.00
       - Coulomb: metric multiply                  0.03
       - Coulomb: J operator                       0.00
       - Coulomb: K operator                       0.01
       - Gaunt: half trans                         0.00
       - Gaunt: metric multiply                    0.02
       - Breit: 2-index multiplied                 0.12
       - Gaunt: J operator                         0.00
       - Gaunt: K operator                         0.02
       - Coulomb: half trans                       0.00
       - Coulomb: metric multiply                  0.03
       - Coulomb: K operator                       0.01
       - Gaunt: half trans                         0.00
       - Gaunt: metric multiply                    0.02
       - Breit: 2-index multiplied                 0.12
       - Gaunt: K operator                         0.02

  Virtual orbital energies: 
    23        0.0257
    22        0.0733
    21        0.0736
    20        0.0826
    19        0.0826
    18        0.0901
    17        0.0901
    16        0.1385
    15        0.2533
    14        0.2729
    13        0.2995
    12        0.2995
    11        0.3170
    10        0.3171
    9        0.4498
    8        0.4498
    7        0.4620
    6        0.4874
    5        0.4874
    4        0.9814
    3        1.2489
    2        1.2490
    1        2.3359

  -- Termination requested --
  message: Fock matrix has been dumped in FOCKMAT

  
  ===============================================================

