 Number of processors:            1
 Processor            1 /           1  as head node.
 Sum:            1
 Memory Manager initialised with  99999.0 MB

 ================================================================
 Compiled on Mar 13 2018 at 06:39:06
 Compiled using configuration:
     cmake-Intel-par-RELEASE
 VCS BASE repository version:
     1baebe99fe29dba4b4fd95ce329db84b9536bad3
 Working directory: 
     /scratch/scratch/mmm0043/work/stochastic_multireference/bagel/interface_test/mrpt_debug/fock_matrix_rel
 Running on: node-k98f-026
 Started running on 22/03/2018 at 14:37:12
 ================================================================

 Processing arguments
 neci.inp                                                                       
                                                                                
                                                                                
                   
 Reading from file: neci.inp
 Using the default set of defaults.

****************************************************************

title

system read noorder
symignoreenergies
freeformat
electrons 6

sym 0 0 0 0
nonuniformrandexcits PICK-VIRT-UNIFORM
nobrillouintheorem
endsys

calc
methods
method vertex fcimc
endmethods
fci-init

tau 0.01
memoryfacpart 2.0
memoryfacspawn 20.0
totalwalkers 5000
nmcyc 4000
seed 17
startsinglepart 100
diagshift 0.100000
rdmsamplingiters 200000
shiftdamp 0.05
truncinitiator
addtoinitiator 3
allrealcoeff
realspawncutoff 0.4
jump-shift
proje-changeref 1.5
stepsshift 10
maxwalkerbloom 3
load-balance-blocks off
endcalc

integral
freeze 0 0
endint

logging
binarypops
exactrdm
explicitallrdm

calcrdmonfly 3 1000 5000

printonerdm
print-one-rdm-occupations
endlog
end

****************************************************************

 Allocating each processor as a separate node.
 I am the node root for node            0
======== SYSTEM ==========
  NUMBER OF ELECTRONS :     6
  No restriction on the spin state of the system, TSPN :  F
  GLOBAL MS :            0
  *** GENERIC SYSTEM ***  
 Only one irrep found. Turning off symmetry for rest of calculation.
  Unrestricted calculation.  Cave Arthropodia.  
  NUMBER OF SPIN ORBITALS IN BASIS :    10
*** CREATING BASIS FNs FROM FCIDUMP ***
  Maximum number of symmetries:   1
 Turning Symmetry off
  Generating abelian symmetry table with  0 generators
  Number of symmetry classes: 1
HF determinant not yet defined.
      1      1      0      0      0     -1 ( 0, 0, 0) 0   0       -6.154755161       -6.154755161
      2      2      0      0      0      1 ( 0, 0, 0) 0   0       -6.154755161       -6.154755161
      3      3      0      0      0     -1 ( 0, 0, 0) 0   0       -5.943963566       -5.943963566
      4      4      0      0      0      1 ( 0, 0, 0) 0   0       -5.943963566       -5.943963566
      5      5      0      0      0     -1 ( 0, 0, 0) 0   0       -1.761085293       -1.761085293
      6      6      0      0      0      1 ( 0, 0, 0) 0   0       -1.761085293       -1.761085293
      7      7      0      0      0     -1 ( 0, 0, 0) 0   0       -1.760672460       -1.760672460
      8      8      0      0      0      1 ( 0, 0, 0) 0   0       -1.760672460       -1.760672460
      9      9      0      0      0     -1 ( 0, 0, 0) 0   0       -1.760657717       -1.760657717
     10     10      0      0      0      1 ( 0, 0, 0) 0   0       -1.760657717       -1.760657717
 Turning Symmetry off
*** READING PRIMITIVE INTEGRALS FROM FCIDUMP ***
 UMatSize:                   3080
Memory required for integral storage:     0.4699707031E-01 Mb/Shared Memory
Allocated              49280 bytes of shared memory named: umat
Two-electron integrals with a magnitude over    0.1000000E-07 are screened
Ignoring integral (chem. notation) (   7   7|   7   3): 
 (4.865038524666310E-010,4.332759717519760E-009)
Ignoring integral (chem. notation) (   7   7|   9   3): 
 (5.004931280462710E-009,2.758407410930890E-009)
Ignoring integral (chem. notation) (   7   3|   7   7): 
 (4.865038524666310E-010,4.332759717519760E-009)
Ignoring integral (chem. notation) (   9   3|   7   7): 
 (5.004931280462710E-009,2.758407410930890E-009)
Ignoring integral (chem. notation) (   7   7|   3   7): 
 (4.865038524678010E-010,-4.332759717516630E-009)
Ignoring integral (chem. notation) (   3   7|   7   7): 
 (4.865038524678010E-010,-4.332759717516630E-009)
Ignoring integral (chem. notation) (   3   9|   7   7): 
 (5.004931280463180E-009,-2.758407410931080E-009)
Ignoring integral (chem. notation) (   7   7|   3   9): 
 (5.004931280463180E-009,-2.758407410931080E-009)
Ignoring integral (chem. notation) (   7   8|   5   1): 
 (-6.594406993180860E-009,-1.666398564141530E-009)
Ignoring integral (chem. notation) (   9   8|   5   1): 
 (1.581087408342490E-009,1.249493300072170E-009)
Ignoring integral (chem. notation) (   7  10|   5   1): 
 (1.578949973976080E-009,1.287211771267530E-009)
Ignoring integral (chem. notation) (   7   8|   7   3): 
 (3.453643520567350E-009,7.406386576493490E-010)
Ignoring integral (chem. notation) (   7   8|   9   3): 
 (-1.633254336547870E-009,6.152096507340290E-009)
Ignoring integral (chem. notation) (   1  10|   5   3): 
 (-2.210865501447050E-009,5.116253959708440E-009)
Ignoring integral (chem. notation) (   9  10|   7   3): 
 (-8.588109995066180E-009,-2.418833514105990E-009)
Ignoring integral (chem. notation) (   7   8|   1   5): 
 (-6.594406993482030E-009,-1.666398563833310E-009)
Ignoring integral (chem. notation) (   9   8|   1   5): 
 (1.581077475702440E-009,1.249485012687400E-009)
Ignoring integral (chem. notation) (   7  10|   1   5): 
 (1.578959890595940E-009,1.287219725920020E-009)
Ignoring integral (chem. notation) (   7   4|   7   7): 
 (6.802656168519070E-010,1.341317920775090E-009)
Ignoring integral (chem. notation) (   9   4|   7   7): 
 (-2.869079596924880E-009,-7.256519959877870E-009)
Ignoring integral (chem. notation) (   7   8|   3   7): 
 (-4.264018075323820E-009,1.213895042961700E-009)
Ignoring integral (chem. notation) (   3   8|   7   7): 
 (9.619958696512001E-009,1.584896248511670E-009)
Ignoring integral (chem. notation) (   9  10|   3   7): 
 (8.466883520083780E-009,-2.703175870987170E-009)
Ignoring integral (chem. notation) (   3  10|   7   7): 
 (-2.867122174441590E-009,-7.335605707016220E-009)
Ignoring integral (chem. notation) (   5   4|   1   9): 
 (2.326088456709940E-009,5.042949672118680E-009)
Ignoring integral (chem. notation) (   7   8|   3   9): 
 (2.990979682720640E-009,2.603364784349600E-009)
Ignoring integral (chem. notation) (   5   2|   5   2): 
 (5.517465835980310E-009,-2.661535049097390E-018)
Ignoring integral (chem. notation) (   1   6|   5   2): 
 (5.517460293916510E-009,-2.794088507769110E-018)
Ignoring integral (chem. notation) (   5   6|   5   2): 
 (-5.355769401229260E-009,-2.148657440094450E-018)
Ignoring integral (chem. notation) (   7   8|   7   4): 
 (1.360006278334630E-009,-5.630197480240340E-009)
Ignoring integral (chem. notation) (   7   8|   9   4): 
 (-4.987676728056090E-009,3.170363411230420E-009)
Ignoring integral (chem. notation) (   5   2|   1   6): 
 (5.517460293916510E-009,-2.794088507769110E-018)
Ignoring integral (chem. notation) (   5   2|   5   6): 
 (-5.355769401229260E-009,-2.148657440094450E-018)
Ignoring integral (chem. notation) (   1   6|   1   6): 
 (5.517465835980480E-009,-2.661573389775180E-018)
Ignoring integral (chem. notation) (   5   6|   1   6): 
 (-5.355769401229330E-009,-2.148638430740560E-018)
Ignoring integral (chem. notation) (   1   6|   5   6): 
 (-5.355769401229330E-009,-2.148638430740560E-018)
Ignoring integral (chem. notation) (   7   4|   7   8): 
 (1.360006278334630E-009,-5.630197480240340E-009)
Ignoring integral (chem. notation) (   9   4|   7   8): 
 (-4.987676728056090E-009,3.170363411230420E-009)
Ignoring integral (chem. notation) (   7   8|   3   8): 
 (1.360006278337580E-009,-5.630197480239950E-009)
Ignoring integral (chem. notation) (   3   8|   7   8): 
 (1.360006278337580E-009,-5.630197480239950E-009)
Ignoring integral (chem. notation) (   3  10|   7   8): 
 (-4.987676728056270E-009,3.170363411227170E-009)
Ignoring integral (chem. notation) (   7   8|   3  10): 
 (-4.987676728056270E-009,3.170363411227170E-009)
Ignoring integral (chem. notation) (   3   5|  10   1): 
 (-2.210865501447050E-009,-5.116253959708440E-009)
Ignoring integral (chem. notation) (   7   7|   8   3): 
 (9.619958696512001E-009,-1.584896248511670E-009)
Ignoring integral (chem. notation) (   7   7|  10   3): 
 (-2.867122174441590E-009,7.335605707016220E-009)
Ignoring integral (chem. notation) (   9   1|   4   5): 
 (2.326088456709940E-009,-5.042949672118680E-009)
Ignoring integral (chem. notation) (   5   1|   8   7): 
 (-6.594406993482030E-009,1.666398563833310E-009)
Ignoring integral (chem. notation) (   5   1|  10   7): 
 (1.578959890595940E-009,-1.287219725920020E-009)
Ignoring integral (chem. notation) (   7   3|   8   7): 
 (-4.264018075323820E-009,-1.213895042961700E-009)
Ignoring integral (chem. notation) (   9   3|   8   7): 
 (2.990979682720640E-009,-2.603364784349600E-009)
Ignoring integral (chem. notation) (   1   5|   8   7): 
 (-6.594406993180860E-009,1.666398564141530E-009)
Ignoring integral (chem. notation) (   1   5|  10   7): 
 (1.578949973976080E-009,-1.287211771267530E-009)
Ignoring integral (chem. notation) (   7   7|   4   7): 
 (6.802656168519070E-010,-1.341317920775090E-009)
Ignoring integral (chem. notation) (   3   7|   8   7): 
 (3.453643520567350E-009,-7.406386576493490E-010)
Ignoring integral (chem. notation) (   3   9|   8   7): 
 (-1.633254336547870E-009,-6.152096507340290E-009)
Ignoring integral (chem. notation) (   5   1|   8   9): 
 (1.581077475702440E-009,-1.249485012687400E-009)
Ignoring integral (chem. notation) (   7   3|  10   9): 
 (8.466883520083780E-009,2.703175870987170E-009)
Ignoring integral (chem. notation) (   1   5|   8   9): 
 (1.581087408342490E-009,-1.249493300072170E-009)
Ignoring integral (chem. notation) (   7   7|   4   9): 
 (-2.869079596924880E-009,7.256519959877870E-009)
Ignoring integral (chem. notation) (   3   7|  10   9): 
 (-8.588109995066180E-009,2.418833514105990E-009)
Ignoring integral (chem. notation) (   3   5|  10   2): 
 (2.924919198113930E-009,-2.803739965222940E-009)
Ignoring integral (chem. notation) (   7   7|   8   4): 
 (2.613280091437430E-009,1.152788896417890E-009)
Ignoring integral (chem. notation) (   7   7|  10   4): 
 (-4.983448883986810E-009,2.771298793195930E-009)
Ignoring integral (chem. notation) (   1   9|   6   4): 
 (2.924919198113190E-009,-2.803739965222170E-009)
Ignoring integral (chem. notation) (   9   9|   8   4): 
 (4.391690225305940E-009,8.056083273103229E-009)
Ignoring integral (chem. notation) (   9   1|   4   6): 
 (2.924919198113830E-009,2.803739965221670E-009)
Ignoring integral (chem. notation) (   7   3|   8   8): 
 (2.613280091437020E-009,-1.152788896419130E-009)
Ignoring integral (chem. notation) (   9   3|   8   8): 
 (-4.983448883985460E-009,-2.771298793194650E-009)
Ignoring integral (chem. notation) (   7   7|   4   8): 
 (2.613280091438910E-009,-1.152788896418080E-009)
Ignoring integral (chem. notation) (   3   7|   8   8): 
 (2.613280091442650E-009,1.152788896416420E-009)
Ignoring integral (chem. notation) (   9   9|   4   8): 
 (4.391690225308040E-009,-8.056083273104391E-009)
Ignoring integral (chem. notation) (   3   9|   8   8): 
 (-4.983448883988940E-009,2.771298793196970E-009)
Ignoring integral (chem. notation) (   5   3|   2  10): 
 (2.924919198113130E-009,2.803739965222110E-009)
Ignoring integral (chem. notation) (   7   3|  10  10): 
 (4.391690225306860E-009,-8.056083273103731E-009)
Ignoring integral (chem. notation) (   7   7|   4  10): 
 (-4.983448883987270E-009,-2.771298793196170E-009)
Ignoring integral (chem. notation) (   3   7|  10  10): 
 (4.391690225307620E-009,8.056083273105511E-009)
Ignoring integral (chem. notation) (   4   5|   9   2): 
 (2.851971248804510E-009,2.836547983975320E-009)
Ignoring integral (chem. notation) (   8   7|   7   4): 
 (-2.332477079491570E-009,5.699302608869280E-009)
Ignoring integral (chem. notation) (   2   9|   5   4): 
 (2.851971248804490E-009,-2.836547983975590E-009)
Ignoring integral (chem. notation) (  10   1|   3   6): 
 (2.851971248803750E-009,-2.836547983976860E-009)
Ignoring integral (chem. notation) (   8   3|   7   8): 
 (-2.332477079492210E-009,-5.699302608869550E-009)
Ignoring integral (chem. notation) (   8   7|   3   8): 
 (-2.332477079491480E-009,5.699302608868320E-009)
Ignoring integral (chem. notation) (   4   7|   7   8): 
 (-2.332477079490610E-009,-5.699302608868340E-009)
Ignoring integral (chem. notation) (   6   3|   1  10): 
 (2.851971248804310E-009,2.836547983975520E-009)
Ignoring integral (chem. notation) (   4   6|   9   2): 
 (2.210865501447730E-009,-5.116253959708940E-009)
Ignoring integral (chem. notation) (   8   8|   7   4): 
 (-9.619958696517040E-009,-1.584896248511720E-009)
Ignoring integral (chem. notation) (   8   8|   9   4): 
 (2.867122174444220E-009,7.335605707018500E-009)
Ignoring integral (chem. notation) (  10   2|   3   6): 
 (-2.326088456709340E-009,-5.042949672117580E-009)
Ignoring integral (chem. notation) (   6   2|   7   8): 
 (6.594406982734720E-009,1.666398546378330E-009)
Ignoring integral (chem. notation) (   6   2|   9   8): 
 (-1.578959894291580E-009,-1.287219734947930E-009)
Ignoring integral (chem. notation) (   8   4|   7   8): 
 (4.264018075324920E-009,-1.213895042961740E-009)
Ignoring integral (chem. notation) (  10   4|   7   8): 
 (-2.990979682720810E-009,-2.603364784349810E-009)
Ignoring integral (chem. notation) (   2   6|   7   8): 
 (6.594406982433560E-009,1.666398546686570E-009)
Ignoring integral (chem. notation) (   2   6|   9   8): 
 (-1.578949978144940E-009,-1.287211780698060E-009)
Ignoring integral (chem. notation) (   8   8|   3   8): 
 (-6.802656168515640E-010,-1.341317920775410E-009)
Ignoring integral (chem. notation) (   4   8|   7   8): 
 (-3.453643520567600E-009,-7.406386576489590E-010)
Ignoring integral (chem. notation) (   4  10|   7   8): 
 (1.633254336547960E-009,-6.152096507340040E-009)
Ignoring integral (chem. notation) (   6   2|   7  10): 
 (-1.581077480329450E-009,-1.249485022345490E-009)
Ignoring integral (chem. notation) (   8   4|   9  10): 
 (-8.466883520084059E-009,2.703175870987040E-009)
Ignoring integral (chem. notation) (   2   6|   7  10): 
 (-1.581087412496290E-009,-1.249493309320850E-009)
 Ignored more than 100 integrals.
 Further threshold truncations not reported explicitly
 Number of removed two-index integrals:                    152
 Number of non-zero integrals:                   2846
 ECORE=   4.76259489603000     
 Setting normal GetUMatEl routine
 N_alpha:3 ; N_beta:3 ; LMS:0 ; NEl:6
 Fermi det (D0):(    1,    2,    3,    4,    5,    6)
 Symmetry:  ( 0, 0, 0) 0
 Fock operator energy:  -22.9570131458391     
 Setting normal GetUMatEl routine
 Complex walkers in use.
 Number of simultaneous walker distributions:            1
 Number of sign components in bit representation of determinant:            2
Setting integer length of determinants as bit-strings to:      4
Setting integer bit-length of determinants as bit-strings to:     64
 SYMMETRY MULTIPLICATION TABLE
 No Symmetry table found.
           1  Symmetry PAIRS
           1  DISTINCT ORBITAL PAIR PRODUCT SYMS
 Symmetry and spin of orbitals correctly set up for excitation generators.
 Simply transferring this into a spin orbital representation.
 Not storing the H matrix.
 <D0|H|D0>=  -14.9803420137303     
 <D0|T|D0>=  -27.7196080418691     
 FDet has     3 alpha electrons, and     3 beta electrons.
                3  alpha-alpha occupied electron pairs
                3  beta-beta occupied electron pairs
                9  alpha-beta occupied electron pairs
                1 alpha-alpha (vacant) hole pairs
                1 beta-beta (vacant) hole pairs
                4 alpha-beta (vacant) hole pairs
 
 Performing FCIQMC....
 
 Generated reference determinants:
(    1,    2,    3,    4,    5,    6) E =    -14.980342014
Symmetry of reference determinant is:          0
Symmetry of reference determinant from spin orbital symmetry info is:          0
*********** INITIATOR METHOD IN USE ***********
Starting with only the reference determinant in the fixed initiator space.
Value for seed is:           17
Reference Energy set to:       -14.9803420137
Highest energy determinant is (approximately):     -2.13997322226663    
Corresponding to a correlation energy of:      12.8403687914637    
 Calculating approximate pDoubles for use with excitation generator by looking a excitations from reference.
 Counting magnetic excitations
     42 double excitations, and      12 single excitations found from reference. This will be used to calculate pDoubles.
 Where s and t are alpha or beta spin function labels: 
       pSingles(s->s) set to:       0.105263
      pSingles(s->s') set to:       0.105263
     pDoubles(st->st) set to:       0.368421
    pDoubles(st->s't) set to:       0.368421
   pDoubles(st->s't') set to:       0.052632
Initial Diagonal Shift:         0.1000000000
 Connectivity of HF determinant is:           54
Low memory requested for walkers, so increasing memory to 20Mb to avoid memory errors
Memory allocated for a maximum particle number per node of:         524288
 Determinant related persistent storage requires:       4.000000 Mb / processor
Spawning vectors allowing for a total of       100000 particles to be spawned in any one iteration per core.
Storing walkers in hash-table. Algorithm is now formally linear scaling with walker number
Length of hash-table:            3500
Length of hash-table as a fraction of targetwalkers:              0.70000
Reference processor is:        0
Initial reference is: (    1,    2,    3,    4,    5,    6)
  Initialising wavefunctions by the Lanczos algorithm
  Aborting Lanczos and initialising trial states with direct diagonalisation
State  1 eigenvalue:  -15.0192327162    
 Setting ref           1
(    1,    2,    3,    4,    5,    6)
Changing projected energy reference determinant for run  1 on the next update cycle to: (    1,    2,    3,    4,    5,    6)
 Ensuring that Brillouin's theorem is no longer used.
Reference energy now set to:     -14.9803420137303    
 Regenerating the stored diagonal HElements for all walkers.
 Initial memory (without excitgens + temp arrays) consists of :      22.103516 Mb/Processor
 Only one array of memory to store main particle list allocated...
 Initial memory allocation sucessful...
Allocated                400 bytes of shared memory named: rdm_spin_indices
Allocated                100 bytes of shared memory named: rdm_spatial_indices
 Explicitly calculating the reduced density matrices from the FCIQMC wavefunction.
 Calculating the energy from the reduced density matrix. This requires the 2 electron RDM from which the 1-RDM can also be constructed.

 About to allocate rank  2 RDM array, size per MPI process (MB):      0.046341
 Allocation of rank  2 RDM array complete.
 About to allocate rank  2 RDM spawning array, size per MPI process (MB):      0.038620
 Allocation of rank  2 RDM spawning array complete.
 About to allocate rank  2 RDM receiving arrays, size per MPI process (MB):      0.038620
 Allocation of rank 
 Allocation of all multi-body RDM objects complete.

 Main RDM memory arrays consists of:       0.779694 MB per MPI process.
 RDM memory allocation complete.


**** RDMs CALCULATED EXPLICITLY ****

 1RDM energy contribution (-27.7198897710470,4.224936861302168E-016)
 == INFORMATION FOR FINAL 1-RDMS =========================================================

 INFORMATION FOR 1-RDM 1:

 SUM OF 1-RDM(i,i) FOR THE N LOWEST ENERGY HF ORBITALS:      5.6520165775948
 Writing out the *normalised* 1 electron density matrix to file
 
 Calculating and writing out 1RDM occupations on root process
 
      Natural spin orbital     Occupation
               1               0.9999999866
               2               0.9999999866
               3               0.9999998376
               4               0.9999998376
               5               0.8260084647
               6               0.8260084647
               7               0.0870008096
               8               0.0870008096
               9               0.0869909016
              10               0.0869909016
     Sum:                      6.0000000000

 =========================================================================================

 == INFORMATION FOR FINAL 2-RDMS =========================================================

 2-RDM ESTIMATES FOR STATE 1:
 Trace of 2-el-RDM before normalisation:  6.6064653859E+04
 Trace of 2-el-RDM after normalisation:  1.5000000000E+01
 Zero-body energy contribution:       4.7625948960E+00
 Energy contribution from the 1-RDM: -2.7719889771E+01
 Energy contribution from the 2-RDM:  7.9380621588E+00
 *TOTAL ENERGY* CALCULATED USING THE *REDUCED DENSITY MATRICES*: -1.5019232716235E+01

 Hermiticty error estimates:
               0        0.00000000000000000000     (Iteration, MAX ABS ERROR IN HERMITICITY)
               0        0.00000000000000000000     (Iteration, SUM ABS ERROR IN HERMITICITY)

 =========================================================================================
Non-deallocated shared memory found: _scratch_scratch_mmm0043_work_stochastic_multireference_bagel_interface_test_mrpt_debug_fock_matrix_relrdm_spin_indices, 400 bytes
Non-deallocated shared memory found: _scratch_scratch_mmm0043_work_stochastic_multireference_bagel_interface_test_mrpt_debug_fock_matrix_relrdm_spatial_indices, 100 bytes

 ================================================================
 Memory usage
 Maximum memory defined is (MB) :   99999.0
 Maximum memory used is    (MB) :      26.8
 
 Large memory allocations:
 
 Name              Allocated in       Deallocated in         Size
 - - - - - - - - - - - - - - - - - - - - - - - - - - - - - - - - 
 WalkVecDets       InitFCIMCPar       not deallocated      16.0MB
 arr               init_global_det_datnot deallocated       4.0MB
 arr               InitFCIMCPar       not deallocated       3.1MB
 arr               InitFCIMCPar       not deallocated       3.1MB
 ExcDjs2_rank      Setup_explicit_datanot deallocated     225.0KB
 ExcDjs_rank       Setup_explicit_datanot deallocated     225.0KB
 ExcDjs2_rank      Setup_explicit_datanot deallocated     225.0KB
 UMat              IntInit            IntCleanup           48.1KB
 ExcDjs_rank       Setup_explicit_datanot deallocated       3.8KB
 TMAT2D            SetupTMAT          DestroyTMat           1.6KB
 ================================================================

 ================================================================
 Timing report.

 Timing of most expensive procedures.

 Procedure                    Calls       CPU    system     total
 - - - - - - - - - - - - - - - - - - - - - - - - - - - - - - - - 
 NECICUBE                         1      1.18      0.00      1.18
 nElRDMTime                       1      0.56      0.00      0.56
 FinaliseRDMsTime                 1      0.49      0.00      0.49
 SysInit                          1      0.01      0.00      0.01
 SyncTime                         8      0.00      0.00      0.00
 - - - - - - - - - - - - - - - - - - - - - - - - - - - - - - - - 
 Total                                   2.25      0.00      2.25

 Global CPU time          3.12
 Global system time       0.00
 Global total time        3.12
 ================================================================
 Calculation ended 22/03/2018 at 14:37:13
 ================================================================
